[2014-04-03 14:31:19] (ERROR @ /EMFR/setup/index.php) Could not copy /Applications/MAMP/htdocs/EMFR/core/packages/core/modContext/1addb0eebb283494c91b2e4951f5e8f3/0/ to /Applications/MAMP/htdocs/EMFR/index.php
[2014-04-03 14:31:19] (ERROR @ /EMFR/setup/index.php) Could not copy /Applications/MAMP/htdocs/EMFR/core/packages/core/modContext/1addb0eebb283494c91b2e4951f5e8f3/1/ to /Applications/MAMP/htdocs/EMFR/ht.access
[2014-04-03 14:31:19] (ERROR @ /EMFR/setup/index.php) Could not copy /Applications/MAMP/htdocs/EMFR/core/packages/core/modContext/5ba74f82e6e4c998bcb120dd4e1729de/0/ to /Applications/MAMP/htdocs/EMFR/manager/assets
[2014-04-03 14:31:19] (ERROR @ /EMFR/setup/index.php) Could not copy /Applications/MAMP/htdocs/EMFR/core/packages/core/modContext/5ba74f82e6e4c998bcb120dd4e1729de/1/ to /Applications/MAMP/htdocs/EMFR/manager/controllers
[2014-04-03 14:31:19] (ERROR @ /EMFR/setup/index.php) Could not copy /Applications/MAMP/htdocs/EMFR/core/packages/core/modContext/5ba74f82e6e4c998bcb120dd4e1729de/2/ to /Applications/MAMP/htdocs/EMFR/manager/templates
[2014-04-03 14:31:19] (ERROR @ /EMFR/setup/index.php) Could not copy /Applications/MAMP/htdocs/EMFR/core/packages/core/modContext/5ba74f82e6e4c998bcb120dd4e1729de/3/ to /Applications/MAMP/htdocs/EMFR/manager/min
[2014-04-03 14:31:19] (ERROR @ /EMFR/setup/index.php) Could not copy /Applications/MAMP/htdocs/EMFR/core/packages/core/modContext/5ba74f82e6e4c998bcb120dd4e1729de/4/ to /Applications/MAMP/htdocs/EMFR/manager/ht.access
[2014-04-03 14:31:19] (ERROR @ /EMFR/setup/index.php) Could not copy /Applications/MAMP/htdocs/EMFR/core/packages/core/modContext/5ba74f82e6e4c998bcb120dd4e1729de/5/ to /Applications/MAMP/htdocs/EMFR/manager/cache.manifest.php
[2014-04-03 14:31:19] (ERROR @ /EMFR/setup/index.php) Could not copy /Applications/MAMP/htdocs/EMFR/core/packages/core/modContext/5ba74f82e6e4c998bcb120dd4e1729de/6/ to /Applications/MAMP/htdocs/EMFR/manager/index.php
[2014-04-03 14:31:19] (ERROR @ /EMFR/setup/index.php) Could not install files from /Applications/MAMP/htdocs/EMFR/core/packages/core/xPDOFileVehicle/f69d2532b941b5c02baa0e91605c3cd5/ to /Applications/MAMP/htdocs/EMFR/connectors/
[2014-04-03 14:31:19] (ERROR @ /EMFR/setup/index.php) Could not install files from /Applications/MAMP/htdocs/EMFR/core/packages/core/xPDOFileVehicle/a435b016ed96b4917ddc369091e616a6/ to /Applications/MAMP/htdocs/EMFR/connectors/
[2014-04-03 14:31:19] (ERROR @ /EMFR/setup/index.php) Could not install files from /Applications/MAMP/htdocs/EMFR/core/packages/core/xPDOFileVehicle/9a9c76f3430b70ceadd9043bd8262df1/ to /Applications/MAMP/htdocs/EMFR/connectors/
[2014-04-03 14:31:19] (ERROR @ /EMFR/setup/index.php) Could not install files from /Applications/MAMP/htdocs/EMFR/core/packages/core/xPDOFileVehicle/313363b666aa9bb23f88c4636950a70f/ to /Applications/MAMP/htdocs/EMFR/connectors/
[2014-04-03 14:31:19] (ERROR @ /EMFR/setup/index.php) Could not install files from /Applications/MAMP/htdocs/EMFR/core/packages/core/xPDOFileVehicle/2194465f580face3d0b866ea2f0bac34/ to /Applications/MAMP/htdocs/EMFR/connectors/
[2014-04-03 14:31:19] (ERROR @ /EMFR/setup/index.php) Could not install files from /Applications/MAMP/htdocs/EMFR/core/packages/core/xPDOFileVehicle/af74986f8155921677fd773a4fed8a73/ to /Applications/MAMP/htdocs/EMFR/connectors/
[2014-04-03 14:31:19] (ERROR @ /EMFR/setup/index.php) Could not install files from /Applications/MAMP/htdocs/EMFR/core/packages/core/xPDOFileVehicle/cfb2f4d61a1ea4694b25022283d2214f/ to /Applications/MAMP/htdocs/EMFR/connectors/
[2014-04-03 14:31:19] (ERROR @ /EMFR/setup/index.php) Could not install files from /Applications/MAMP/htdocs/EMFR/core/packages/core/xPDOFileVehicle/2e18d411d989764c5b48190712d67da2/ to /Applications/MAMP/htdocs/EMFR/connectors/
[2014-04-03 14:31:19] (ERROR @ /EMFR/setup/index.php) Could not install files from /Applications/MAMP/htdocs/EMFR/core/packages/core/xPDOFileVehicle/98de724da88d4bcf3ed6eb3533a92e92/ to /Applications/MAMP/htdocs/EMFR/connectors/
[2014-04-03 14:31:19] (ERROR @ /EMFR/setup/index.php) Could not install files from /Applications/MAMP/htdocs/EMFR/core/packages/core/xPDOFileVehicle/67a957988eef48baea7898466394db83/ to /Applications/MAMP/htdocs/EMFR/connectors/
[2014-04-03 14:31:19] (ERROR @ /EMFR/setup/index.php) Could not install files from /Applications/MAMP/htdocs/EMFR/core/packages/core/xPDOFileVehicle/05e4be5b3da4a54c80a3bce40584a7b5/ to /Applications/MAMP/htdocs/EMFR/connectors/
